

Started GET "/" for 127.0.0.1 at 2014-06-30 10:06:35 -0500
Connecting to database specified by database.yml
Processing by StaticController#home as HTML
Completed 500 Internal Server Error in 87ms

ActiveRecord::StatementInvalid (Could not find table 'users'):
  app/helpers/sessions_helper.rb:23:in `current_user'
  app/helpers/sessions_helper.rb:27:in `signed_in?'
  app/controllers/static_controller.rb:3:in `home'


  Rendered /Users/charles/.rvm/gems/ruby-2.0.0-p247@global/gems/actionpack-3.2.6/lib/action_dispatch/middleware/templates/rescues/_trace.erb (2.6ms)
  Rendered /Users/charles/.rvm/gems/ruby-2.0.0-p247@global/gems/actionpack-3.2.6/lib/action_dispatch/middleware/templates/rescues/_request_and_response.erb (1.5ms)
  Rendered /Users/charles/.rvm/gems/ruby-2.0.0-p247@global/gems/actionpack-3.2.6/lib/action_dispatch/middleware/templates/rescues/diagnostics.erb within rescues/layout (13.9ms)
Connecting to database specified by database.yml
  [1m[36m (1.3ms)[0m  [1mselect sqlite_version(*)[0m
  [1m[35m (5.9ms)[0m  CREATE TABLE "schema_migrations" ("version" varchar(255) NOT NULL) 
  [1m[36m (0.0ms)[0m  [1mPRAGMA index_list("schema_migrations")[0m
  [1m[35m (1.8ms)[0m  CREATE UNIQUE INDEX "unique_schema_migrations" ON "schema_migrations" ("version")
  [1m[36m (0.1ms)[0m  [1mSELECT "schema_migrations"."version" FROM "schema_migrations" [0m
Migrating to CreateUsers (20140525001740)
  [1m[35m (0.0ms)[0m  begin transaction
  [1m[36m (1.2ms)[0m  [1mCREATE TABLE "users" ("id" INTEGER PRIMARY KEY AUTOINCREMENT NOT NULL, "username" varchar(255), "title" varchar(255), "email" varchar(255), "created_at" datetime NOT NULL, "updated_at" datetime NOT NULL) [0m
  [1m[35m (0.1ms)[0m  INSERT INTO "schema_migrations" ("version") VALUES ('20140525001740')
  [1m[36m (0.8ms)[0m  [1mcommit transaction[0m
Migrating to AddIndexToUsersEmail (20140525022228)
  [1m[35m (0.0ms)[0m  begin transaction
  [1m[36m (0.1ms)[0m  [1mPRAGMA index_list("users")[0m
  [1m[35m (0.3ms)[0m  CREATE UNIQUE INDEX "index_users_on_email" ON "users" ("email")
  [1m[36m (0.1ms)[0m  [1mINSERT INTO "schema_migrations" ("version") VALUES ('20140525022228')[0m
  [1m[35m (0.8ms)[0m  commit transaction
Migrating to AddPasswordDigestToUsers (20140525023758)
  [1m[36m (0.0ms)[0m  [1mbegin transaction[0m
  [1m[35m (0.9ms)[0m  ALTER TABLE "users" ADD "password_digest" varchar(255)
  [1m[36m (0.1ms)[0m  [1mINSERT INTO "schema_migrations" ("version") VALUES ('20140525023758')[0m
  [1m[35m (0.7ms)[0m  commit transaction
Migrating to AddRememberTokenToUsers (20140526043122)
  [1m[36m (0.0ms)[0m  [1mbegin transaction[0m
  [1m[35m (0.4ms)[0m  ALTER TABLE "users" ADD "remember_token" varchar(255)
  [1m[36m (0.1ms)[0m  [1mPRAGMA index_list("users")[0m
  [1m[35m (0.1ms)[0m  PRAGMA index_info('index_users_on_email')
  [1m[36m (0.4ms)[0m  [1mCREATE UNIQUE INDEX "index_users_on_remember_token" ON "users" ("remember_token")[0m
  [1m[35m (0.1ms)[0m  INSERT INTO "schema_migrations" ("version") VALUES ('20140526043122')
  [1m[36m (0.9ms)[0m  [1mcommit transaction[0m
  [1m[35m (0.3ms)[0m  select sqlite_version(*)
  [1m[36m (0.1ms)[0m  [1mSELECT "schema_migrations"."version" FROM "schema_migrations" [0m
  [1m[35m (0.1ms)[0m  PRAGMA index_list("users")
  [1m[36m (0.1ms)[0m  [1mPRAGMA index_info('index_users_on_remember_token')[0m
  [1m[35m (0.0ms)[0m  PRAGMA index_info('index_users_on_email')


Started GET "/" for 127.0.0.1 at 2014-06-30 10:07:04 -0500
Processing by StaticController#home as HTML
  [1m[36mUser Load (0.2ms)[0m  [1mSELECT "users".* FROM "users" WHERE "users"."remember_token" = '7GDuK7g9_YPJIsLqXF2A4g' LIMIT 1[0m
  Rendered static/home.html.erb within layouts/application (1.6ms)
Compiled application.css  (0ms)  (pid 590)
Compiled coffeescript.js  (305ms)  (pid 590)
  [1m[35mCACHE (0.0ms)[0m  SELECT "users".* FROM "users" WHERE "users"."remember_token" = '7GDuK7g9_YPJIsLqXF2A4g' LIMIT 1
  [1m[36mCACHE (0.0ms)[0m  [1mSELECT "users".* FROM "users" WHERE "users"."remember_token" = '7GDuK7g9_YPJIsLqXF2A4g' LIMIT 1[0m
Completed 200 OK in 354ms (Views: 333.9ms | ActiveRecord: 0.8ms)


Started GET "/assets/application.css?body=1" for 127.0.0.1 at 2014-06-30 10:07:04 -0500
Served asset /application.css - 200 OK (3ms)


Started GET "/assets/coffeescript.js?body=1" for 127.0.0.1 at 2014-06-30 10:07:04 -0500
Served asset /coffeescript.js - 200 OK (2ms)


Started GET "/signup" for 127.0.0.1 at 2014-06-30 10:07:06 -0500
Processing by UsersController#new as HTML
  [1m[35mUser Load (0.2ms)[0m  SELECT "users".* FROM "users" WHERE "users"."remember_token" = '7GDuK7g9_YPJIsLqXF2A4g' LIMIT 1
  Rendered shared/_error_messages.html.erb (0.8ms)
  Rendered users/new.html.erb within layouts/application (18.3ms)
  [1m[36mCACHE (0.0ms)[0m  [1mSELECT "users".* FROM "users" WHERE "users"."remember_token" = '7GDuK7g9_YPJIsLqXF2A4g' LIMIT 1[0m
  [1m[35mCACHE (0.0ms)[0m  SELECT "users".* FROM "users" WHERE "users"."remember_token" = '7GDuK7g9_YPJIsLqXF2A4g' LIMIT 1
Completed 200 OK in 34ms (Views: 25.0ms | ActiveRecord: 0.2ms)


Started GET "/signup" for 127.0.0.1 at 2014-06-30 10:07:08 -0500
Processing by UsersController#new as HTML
  [1m[36mUser Load (0.3ms)[0m  [1mSELECT "users".* FROM "users" WHERE "users"."remember_token" = '7GDuK7g9_YPJIsLqXF2A4g' LIMIT 1[0m
  Rendered shared/_error_messages.html.erb (0.1ms)
  Rendered users/new.html.erb within layouts/application (4.2ms)
  [1m[35mCACHE (0.0ms)[0m  SELECT "users".* FROM "users" WHERE "users"."remember_token" = '7GDuK7g9_YPJIsLqXF2A4g' LIMIT 1
  [1m[36mCACHE (0.0ms)[0m  [1mSELECT "users".* FROM "users" WHERE "users"."remember_token" = '7GDuK7g9_YPJIsLqXF2A4g' LIMIT 1[0m
Completed 200 OK in 10ms (Views: 8.8ms | ActiveRecord: 0.3ms)


Started POST "/users" for 127.0.0.1 at 2014-06-30 10:07:21 -0500
Processing by UsersController#create as HTML
  Parameters: {"utf8"=>"✓", "authenticity_token"=>"GjZdeKkidbYFxz8NTOFPDiHlj7CHSK38bDWunpjwyi8=", "user"=>{"username"=>"testing", "title"=>"Testing", "email"=>"testing@test.test", "password"=>"[FILTERED]", "password_confirmation"=>"[FILTERED]"}, "commit"=>"Jump Start"}
  [1m[35m (0.1ms)[0m  begin transaction
  [1m[36mUser Exists (0.1ms)[0m  [1mSELECT 1 AS one FROM "users" WHERE "users"."username" = 'testing' LIMIT 1[0m
  [1m[35mUser Exists (0.1ms)[0m  SELECT 1 AS one FROM "users" WHERE LOWER("users"."email") = LOWER('testing@test.test') LIMIT 1
Binary data inserted for `string` type on column `password_digest`
  [1m[36mSQL (3.2ms)[0m  [1mINSERT INTO "users" ("created_at", "email", "password_digest", "remember_token", "title", "updated_at", "username") VALUES (?, ?, ?, ?, ?, ?, ?)[0m  [["created_at", Mon, 30 Jun 2014 15:07:21 UTC +00:00], ["email", "testing@test.test"], ["password_digest", "$2a$10$ylHmohcIzq2qxhcsDFmTEulHKtwcJDWyeOTnMiJgU9xcOcQdcq.GC"], ["remember_token", "j_XsYNS5Ozio15IFoVpkSA"], ["title", "Testing"], ["updated_at", Mon, 30 Jun 2014 15:07:21 UTC +00:00], ["username", "testing"]]
  [1m[35m (0.8ms)[0m  commit transaction
Redirected to http://0.0.0.0:3000/users/1
Completed 302 Found in 161ms (ActiveRecord: 4.2ms)


Started GET "/users/1" for 127.0.0.1 at 2014-06-30 10:07:21 -0500
Processing by UsersController#show as HTML
  Parameters: {"id"=>"1"}
  [1m[36mUser Load (0.2ms)[0m  [1mSELECT "users".* FROM "users" WHERE "users"."id" = ? LIMIT 1[0m  [["id", "1"]]
  Rendered users/show.html.erb within layouts/application (0.5ms)
  [1m[35mUser Load (0.2ms)[0m  SELECT "users".* FROM "users" WHERE "users"."remember_token" = 'j_XsYNS5Ozio15IFoVpkSA' LIMIT 1
Completed 200 OK in 9ms (Views: 7.1ms | ActiveRecord: 0.4ms)


Started GET "/reference" for 127.0.0.1 at 2014-06-30 10:07:26 -0500
Processing by StaticController#reference as HTML
  Rendered static/reference.html.erb within layouts/application (0.4ms)
  [1m[36mUser Load (0.2ms)[0m  [1mSELECT "users".* FROM "users" WHERE "users"."remember_token" = 'j_XsYNS5Ozio15IFoVpkSA' LIMIT 1[0m
Completed 200 OK in 9ms (Views: 8.3ms | ActiveRecord: 0.2ms)


Started GET "/about" for 127.0.0.1 at 2014-06-30 10:07:27 -0500
Processing by StaticController#about as HTML
  Rendered static/about.html.erb within layouts/application (0.5ms)
  [1m[35mUser Load (0.2ms)[0m  SELECT "users".* FROM "users" WHERE "users"."remember_token" = 'j_XsYNS5Ozio15IFoVpkSA' LIMIT 1
Completed 200 OK in 9ms (Views: 8.8ms | ActiveRecord: 0.2ms)


Started GET "/" for 127.0.0.1 at 2014-06-30 10:07:29 -0500
Processing by StaticController#home as HTML
  [1m[36mUser Load (0.2ms)[0m  [1mSELECT "users".* FROM "users" WHERE "users"."remember_token" = 'j_XsYNS5Ozio15IFoVpkSA' LIMIT 1[0m
  Rendered users/show.html.erb within layouts/application (0.1ms)
Completed 200 OK in 5ms (Views: 4.4ms | ActiveRecord: 0.2ms)
Connecting to database specified by database.yml
  [1m[36m (0.1ms)[0m  [1mSELECT "schema_migrations"."version" FROM "schema_migrations" [0m
  [1m[35m (0.2ms)[0m  select sqlite_version(*)
  [1m[36m (1.4ms)[0m  [1mCREATE TABLE "users" ("id" INTEGER PRIMARY KEY AUTOINCREMENT NOT NULL, "username" varchar(255), "title" varchar(255), "email" varchar(255), "created_at" datetime NOT NULL, "updated_at" datetime NOT NULL, "password_digest" varchar(255), "remember_token" varchar(255)) [0m
  [1m[35m (0.1ms)[0m  PRAGMA index_list("users")
  [1m[36m (1.2ms)[0m  [1mCREATE UNIQUE INDEX "index_users_on_email" ON "users" ("email")[0m
  [1m[35m (0.2ms)[0m  PRAGMA index_list("users")
  [1m[36m (0.1ms)[0m  [1mPRAGMA index_info('index_users_on_email')[0m
  [1m[35m (1.1ms)[0m  CREATE UNIQUE INDEX "index_users_on_remember_token" ON "users" ("remember_token")
  [1m[36m (1.0ms)[0m  [1mCREATE TABLE "schema_migrations" ("version" varchar(255) NOT NULL) [0m
  [1m[35m (0.0ms)[0m  PRAGMA index_list("schema_migrations")
  [1m[36m (0.9ms)[0m  [1mCREATE UNIQUE INDEX "unique_schema_migrations" ON "schema_migrations" ("version")[0m
  [1m[35m (0.1ms)[0m  SELECT version FROM "schema_migrations"
  [1m[36m (1.0ms)[0m  [1mINSERT INTO "schema_migrations" (version) VALUES ('20140526043122')[0m
  [1m[35m (1.1ms)[0m  INSERT INTO "schema_migrations" (version) VALUES ('20140525001740')
  [1m[36m (0.7ms)[0m  [1mINSERT INTO "schema_migrations" (version) VALUES ('20140525022228')[0m
  [1m[35m (0.8ms)[0m  INSERT INTO "schema_migrations" (version) VALUES ('20140525023758')
