[ 2014-07-03 16:40:09.0766 50770/0x7fff782e4310 agents/Watchdog/Main.cpp:538 ]: Options: { 'analytics_log_user' => 'charles', 'cleanup_pidfiles' => 'L3Zhci9mb2xkZXJzL3AyL3kybGNscmgxMG5xNTVzZGh6bGx3ZHM2NDAwMDBnbi9UL3Bhc3Nlbmdlci1zdGFuZGFsb25lLnh6cnJpYy90ZW1wX2Rpcl90b3VjaGVyLnBpZA==', 'default_group' => 'staff', 'default_python' => 'python', 'default_ruby' => '/Users/charles/.rvm/wrappers/ruby-2.0.0-p247@rails_3.2.6/ruby', 'default_user' => 'charles', 'log_level' => '0', 'max_pool_size' => '6', 'passenger_root' => '/var/folders/p2/y2lclrh10nq55sdhzllwds640000gn/T/passenger-standalone.xzrric/locations.ini', 'passenger_version' => '4.0.45', 'pool_idle_time' => '300', 'prestart_urls' => 'aHR0cDovLzAuMC4wLjA6MzAwMAA=', 'temp_dir' => '/tmp', 'union_station_gateway_address' => 'gateway.unionstationapp.com', 'union_station_gateway_port' => '443', 'user_switching' => 'false', 'web_server_passenger_version' => '4.0.45', 'web_server_pid' => '50769', 'web_server_type' => 'nginx', 'web_server_worker_gid' => '-1', 'web_server_worker_uid' => '-1' }
[ 2014-07-03 16:40:09.1332 50772/0x7fff782e4310 agents/HelperAgent/Main.cpp:649 ]: PassengerHelperAgent online, listening at unix:/tmp/passenger.1.0.50769/generation-0/request
[ 2014-07-03 16:40:09.1561 50774/0x7fff782e4310 agents/LoggingAgent/Main.cpp:321 ]: PassengerLoggingAgent online, listening at unix:/tmp/passenger.1.0.50769/generation-0/logging
[ 2014-07-03 16:40:09.1565 50770/0x7fff782e4310 agents/Watchdog/Main.cpp:728 ]: All Phusion Passenger agents started!
App 50796 stdout: 
App 50796 stderr:         SECURITY WARNING: No secret option provided to Rack::Session::Cookie.
App 50796 stderr:         This poses a security threat. It is strongly recommended that you
App 50796 stderr:         provide a secret to prevent exploits that may be possible from crafted
App 50796 stderr:         cookies. This will not be supported in future versions of Rack, and
App 50796 stderr:         future versions will even invalidate your existing user cookies.
App 50796 stderr: 
App 50796 stderr:         Called from: /Users/charles/.rvm/gems/ruby-2.0.0-p247@global/gems/actionpack-3.2.6/lib/action_dispatch/middleware/session/abstract_store.rb:28:in `initialize'.
[ 2014-07-03 16:40:14.9262 50772/0x10d2f1000 Pool2/SmartSpawner.h:297 ]: Preloader for /Users/charles/Desktop/Negotiations/negotiations started on PID 50796, listening on unix:/tmp/passenger.1.0.50769/generation-0/backends/preloader.50796
App 50894 stdout: 
App 50916 stdout: 
[ 2014-07-03 16:41:02.6008 50931/0x7fff782e4310 agents/Watchdog/Main.cpp:538 ]: Options: { 'analytics_log_user' => 'charles', 'cleanup_pidfiles' => 'L3Zhci9mb2xkZXJzL3AyL3kybGNscmgxMG5xNTVzZGh6bGx3ZHM2NDAwMDBnbi9UL3Bhc3Nlbmdlci1zdGFuZGFsb25lLjFwMDV3cG0vdGVtcF9kaXJfdG91Y2hlci5waWQ=', 'default_group' => 'staff', 'default_python' => 'python', 'default_ruby' => '/Users/charles/.rvm/wrappers/ruby-2.0.0-p247@rails_3.2.6/ruby', 'default_user' => 'charles', 'log_level' => '0', 'max_pool_size' => '6', 'passenger_root' => '/var/folders/p2/y2lclrh10nq55sdhzllwds640000gn/T/passenger-standalone.1p05wpm/locations.ini', 'passenger_version' => '4.0.45', 'pool_idle_time' => '300', 'prestart_urls' => 'aHR0cDovLzAuMC4wLjA6MzAwMAA=', 'temp_dir' => '/tmp', 'union_station_gateway_address' => 'gateway.unionstationapp.com', 'union_station_gateway_port' => '443', 'user_switching' => 'false', 'web_server_passenger_version' => '4.0.45', 'web_server_pid' => '50930', 'web_server_type' => 'nginx', 'web_server_worker_gid' => '-1', 'web_server_worker_uid' => '-1' }
[ 2014-07-03 16:41:02.6213 50933/0x7fff782e4310 agents/HelperAgent/Main.cpp:649 ]: PassengerHelperAgent online, listening at unix:/tmp/passenger.1.0.50930/generation-0/request
[ 2014-07-03 16:41:02.6305 50935/0x7fff782e4310 agents/LoggingAgent/Main.cpp:321 ]: PassengerLoggingAgent online, listening at unix:/tmp/passenger.1.0.50930/generation-0/logging
[ 2014-07-03 16:41:02.6307 50931/0x7fff782e4310 agents/Watchdog/Main.cpp:728 ]: All Phusion Passenger agents started!
App 50957 stdout: 
App 50957 stderr:         SECURITY WARNING: No secret option provided to Rack::Session::Cookie.
App 50957 stderr:         This poses a security threat. It is strongly recommended that you
App 50957 stderr:         provide a secret to prevent exploits that may be possible from crafted
App 50957 stderr:         cookies. This will not be supported in future versions of Rack, and
App 50957 stderr:         future versions will even invalidate your existing user cookies.
App 50957 stderr: 
App 50957 stderr:         Called from: /Users/charles/.rvm/gems/ruby-2.0.0-p247@global/gems/actionpack-3.2.6/lib/action_dispatch/middleware/session/abstract_store.rb:28:in `initialize'.
[ 2014-07-03 16:41:07.6865 50933/0x10b033000 Pool2/SmartSpawner.h:297 ]: Preloader for /Users/charles/Desktop/Negotiations/negotiations started on PID 50957, listening on unix:/tmp/passenger.1.0.50930/generation-0/backends/preloader.50957
App 51055 stdout: 
App 51062 stdout: 
App 51065 stdout: 
